[0.429s] DEBUG:colcon:Command line arguments: ['/usr/bin/colcon', 'build']
[0.429s] DEBUG:colcon:Parsed command line arguments: Namespace(allow_overriding=[], ament_cmake_args=None, base_paths=['.'], build_base='build', catkin_cmake_args=None, catkin_skip_building_tests=False, cmake_args=None, cmake_clean_cache=False, cmake_clean_first=False, cmake_force_configure=False, cmake_target=None, cmake_target_skip_unavailable=False, continue_on_error=False, event_handlers=None, executor='parallel', ignore_user_meta=False, install_base='install', log_base=None, log_level=None, main=<bound method BuildVerb.main of <colcon_core.verb.build.BuildVerb object at 0x7fb8b9ec3040>>, merge_install=False, metas=['./colcon.meta'], mixin=None, mixin_files=None, mixin_verb=('build',), packages_above=None, packages_above_and_dependencies=None, packages_above_depth=None, packages_end=None, packages_ignore=None, packages_ignore_regex=None, packages_select=None, packages_select_build_failed=False, packages_select_by_dep=None, packages_select_regex=None, packages_select_test_failures=False, packages_skip=None, packages_skip_build_finished=False, packages_skip_by_dep=None, packages_skip_regex=None, packages_skip_test_passed=False, packages_skip_up_to=None, packages_start=None, packages_up_to=None, packages_up_to_regex=None, parallel_workers=12, paths=None, symlink_install=False, test_result_base=None, verb_extension=<colcon_core.verb.build.BuildVerb object at 0x7fb8b9ec3040>, verb_name='build', verb_parser=<colcon_mixin.mixin.mixin_argument.MixinArgumentDecorator object at 0x7fb8b9ec36a0>)
[0.867s] Level 1:colcon.colcon_core.package_discovery:discover_packages(colcon_meta) check parameters
[0.867s] Level 1:colcon.colcon_core.package_discovery:discover_packages(recursive) check parameters
[0.867s] Level 1:colcon.colcon_core.package_discovery:discover_packages(ignore) check parameters
[0.867s] Level 1:colcon.colcon_core.package_discovery:discover_packages(path) check parameters
[0.867s] Level 1:colcon.colcon_core.package_discovery:discover_packages(colcon_meta) discover
[0.868s] Level 1:colcon.colcon_core.package_discovery:discover_packages(recursive) discover
[0.868s] INFO:colcon.colcon_core.package_discovery:Crawling recursively for packages in '/home/ubuntuhost/example_ws/src'
[0.868s] Level 1:colcon.colcon_core.package_identification:_identify(.) by extensions ['ignore', 'ignore_ament_install']
[0.869s] Level 1:colcon.colcon_core.package_identification:_identify(.) by extension 'ignore'
[0.869s] Level 1:colcon.colcon_core.package_identification:_identify(.) by extension 'ignore_ament_install'
[0.869s] Level 1:colcon.colcon_core.package_identification:_identify(.) by extensions ['colcon_pkg']
[0.869s] Level 1:colcon.colcon_core.package_identification:_identify(.) by extension 'colcon_pkg'
[0.869s] Level 1:colcon.colcon_core.package_identification:_identify(.) by extensions ['colcon_meta']
[0.869s] Level 1:colcon.colcon_core.package_identification:_identify(.) by extension 'colcon_meta'
[0.869s] Level 1:colcon.colcon_core.package_identification:_identify(.) by extensions ['ros']
[0.869s] Level 1:colcon.colcon_core.package_identification:_identify(.) by extension 'ros'
[0.898s] Level 1:colcon.colcon_core.package_identification:_identify(.) by extensions ['cmake', 'python']
[0.898s] Level 1:colcon.colcon_core.package_identification:_identify(.) by extension 'cmake'
[0.898s] Level 1:colcon.colcon_core.package_identification:_identify(.) by extension 'python'
[0.899s] Level 1:colcon.colcon_core.package_identification:_identify(.) by extensions ['python_setup_py']
[0.899s] Level 1:colcon.colcon_core.package_identification:_identify(.) by extension 'python_setup_py'
[0.899s] Level 1:colcon.colcon_core.package_identification:_identify(ble_scanner) by extensions ['ignore', 'ignore_ament_install']
[0.899s] Level 1:colcon.colcon_core.package_identification:_identify(ble_scanner) by extension 'ignore'
[0.900s] Level 1:colcon.colcon_core.package_identification:_identify(ble_scanner) by extension 'ignore_ament_install'
[0.900s] Level 1:colcon.colcon_core.package_identification:_identify(ble_scanner) by extensions ['colcon_pkg']
[0.900s] Level 1:colcon.colcon_core.package_identification:_identify(ble_scanner) by extension 'colcon_pkg'
[0.900s] Level 1:colcon.colcon_core.package_identification:_identify(ble_scanner) by extensions ['colcon_meta']
[0.900s] Level 1:colcon.colcon_core.package_identification:_identify(ble_scanner) by extension 'colcon_meta'
[0.900s] Level 1:colcon.colcon_core.package_identification:_identify(ble_scanner) by extensions ['ros']
[0.900s] Level 1:colcon.colcon_core.package_identification:_identify(ble_scanner) by extension 'ros'
[0.906s] DEBUG:colcon.colcon_core.package_identification:Package 'ble_scanner' with type 'ros.ament_python' and name 'ble_scanner'
[0.906s] Level 1:colcon.colcon_core.package_identification:_identify(build) by extensions ['ignore', 'ignore_ament_install']
[0.907s] Level 1:colcon.colcon_core.package_identification:_identify(build) by extension 'ignore'
[0.907s] Level 1:colcon.colcon_core.package_identification:_identify(build) ignored
[0.907s] Level 1:colcon.colcon_core.package_identification:_identify(install) by extensions ['ignore', 'ignore_ament_install']
[0.907s] Level 1:colcon.colcon_core.package_identification:_identify(install) by extension 'ignore'
[0.907s] Level 1:colcon.colcon_core.package_identification:_identify(install) ignored
[0.908s] Level 1:colcon.colcon_core.package_identification:_identify(log) by extensions ['ignore', 'ignore_ament_install']
[0.908s] Level 1:colcon.colcon_core.package_identification:_identify(log) by extension 'ignore'
[0.908s] Level 1:colcon.colcon_core.package_identification:_identify(log) ignored
[0.908s] Level 1:colcon.colcon_core.package_discovery:discover_packages(recursive) using defaults
[0.908s] Level 1:colcon.colcon_core.package_discovery:discover_packages(ignore) discover
[0.908s] Level 1:colcon.colcon_core.package_discovery:discover_packages(ignore) using defaults
[0.909s] Level 1:colcon.colcon_core.package_discovery:discover_packages(path) discover
[0.909s] Level 1:colcon.colcon_core.package_discovery:discover_packages(path) using defaults
[0.933s] Level 1:colcon.colcon_core.package_discovery:discover_packages(prefix_path) check parameters
[0.934s] Level 1:colcon.colcon_core.package_discovery:discover_packages(prefix_path) discover
[0.938s] DEBUG:colcon.colcon_installed_package_information.package_discovery:Found 3 installed packages in /home/ubuntuhost/example_ws/install
[0.943s] DEBUG:colcon.colcon_installed_package_information.package_discovery:Found 334 installed packages in /opt/ros/foxy
[0.963s] Level 1:colcon.colcon_core.package_discovery:discover_packages(prefix_path) using defaults
[1.159s] Level 5:colcon.colcon_core.verb:set package 'ble_scanner' build argument 'cmake_args' from command line to 'None'
[1.160s] Level 5:colcon.colcon_core.verb:set package 'ble_scanner' build argument 'cmake_target' from command line to 'None'
[1.160s] Level 5:colcon.colcon_core.verb:set package 'ble_scanner' build argument 'cmake_target_skip_unavailable' from command line to 'False'
[1.160s] Level 5:colcon.colcon_core.verb:set package 'ble_scanner' build argument 'cmake_clean_cache' from command line to 'False'
[1.160s] Level 5:colcon.colcon_core.verb:set package 'ble_scanner' build argument 'cmake_clean_first' from command line to 'False'
[1.160s] Level 5:colcon.colcon_core.verb:set package 'ble_scanner' build argument 'cmake_force_configure' from command line to 'False'
[1.160s] Level 5:colcon.colcon_core.verb:set package 'ble_scanner' build argument 'ament_cmake_args' from command line to 'None'
[1.160s] Level 5:colcon.colcon_core.verb:set package 'ble_scanner' build argument 'catkin_cmake_args' from command line to 'None'
[1.160s] Level 5:colcon.colcon_core.verb:set package 'ble_scanner' build argument 'catkin_skip_building_tests' from command line to 'False'
[1.160s] DEBUG:colcon.colcon_core.verb:Building package 'ble_scanner' with the following arguments: {'ament_cmake_args': None, 'build_base': '/home/ubuntuhost/example_ws/src/build/ble_scanner', 'catkin_cmake_args': None, 'catkin_skip_building_tests': False, 'cmake_args': None, 'cmake_clean_cache': False, 'cmake_clean_first': False, 'cmake_force_configure': False, 'cmake_target': None, 'cmake_target_skip_unavailable': False, 'install_base': '/home/ubuntuhost/example_ws/src/install/ble_scanner', 'merge_install': False, 'path': '/home/ubuntuhost/example_ws/src/ble_scanner', 'symlink_install': False, 'test_result_base': None}
[1.161s] INFO:colcon.colcon_core.executor:Executing jobs using 'parallel' executor
[1.163s] DEBUG:colcon.colcon_parallel_executor.executor.parallel:run_until_complete
[1.164s] INFO:colcon.colcon_ros.task.ament_python.build:Building ROS package in '/home/ubuntuhost/example_ws/src/ble_scanner' with build type 'ament_python'
[1.164s] Level 1:colcon.colcon_core.shell:create_environment_hook('ble_scanner', 'ament_prefix_path')
[1.170s] INFO:colcon.colcon_core.plugin_system:Skipping extension 'colcon_core.shell.bat': Not used on non-Windows systems
[1.171s] INFO:colcon.colcon_core.shell:Creating environment hook '/home/ubuntuhost/example_ws/src/install/ble_scanner/share/ble_scanner/hook/ament_prefix_path.ps1'
[1.172s] INFO:colcon.colcon_core.shell:Creating environment descriptor '/home/ubuntuhost/example_ws/src/install/ble_scanner/share/ble_scanner/hook/ament_prefix_path.dsv'
[1.173s] INFO:colcon.colcon_core.shell:Creating environment hook '/home/ubuntuhost/example_ws/src/install/ble_scanner/share/ble_scanner/hook/ament_prefix_path.sh'
[1.175s] INFO:colcon.colcon_core.shell:Skip shell extension 'powershell' for command environment: Not usable outside of PowerShell
[1.175s] DEBUG:colcon.colcon_core.shell:Skip shell extension 'dsv' for command environment
[1.809s] INFO:colcon.colcon_core.task.python.build:Building Python package in '/home/ubuntuhost/example_ws/src/ble_scanner'
[1.811s] INFO:colcon.colcon_core.shell:Skip shell extension 'powershell' for command environment: Not usable outside of PowerShell
[1.811s] DEBUG:colcon.colcon_core.shell:Skip shell extension 'dsv' for command environment
[2.764s] DEBUG:colcon.colcon_core.event_handler.log_command:Invoking command in '/home/ubuntuhost/example_ws/src/ble_scanner': PYTHONPATH=/home/ubuntuhost/example_ws/src/build/ble_scanner/prefix_override:/home/ubuntuhost/example_ws/src/install/ble_scanner/lib/python3.8/site-packages:${PYTHONPATH} /usr/bin/python3 -W ignore:setup.py install is deprecated setup.py egg_info --egg-base ../build/ble_scanner build --build-base /home/ubuntuhost/example_ws/src/build/ble_scanner/build install --record /home/ubuntuhost/example_ws/src/build/ble_scanner/install.log --install-scripts $base/lib/ble_scanner --single-version-externally-managed install_data
[3.566s] DEBUG:colcon.colcon_core.event_handler.log_command:Invoked command in '/home/ubuntuhost/example_ws/src/ble_scanner' returned '0': PYTHONPATH=/home/ubuntuhost/example_ws/src/build/ble_scanner/prefix_override:/home/ubuntuhost/example_ws/src/install/ble_scanner/lib/python3.8/site-packages:${PYTHONPATH} /usr/bin/python3 -W ignore:setup.py install is deprecated setup.py egg_info --egg-base ../build/ble_scanner build --build-base /home/ubuntuhost/example_ws/src/build/ble_scanner/build install --record /home/ubuntuhost/example_ws/src/build/ble_scanner/install.log --install-scripts $base/lib/ble_scanner --single-version-externally-managed install_data
[3.575s] Level 1:colcon.colcon_core.environment:checking '/home/ubuntuhost/example_ws/src/install/ble_scanner' for CMake module files
[3.576s] Level 1:colcon.colcon_core.environment:checking '/home/ubuntuhost/example_ws/src/install/ble_scanner' for CMake config files
[3.579s] Level 1:colcon.colcon_core.environment:checking '/home/ubuntuhost/example_ws/src/install/ble_scanner/lib'
[3.580s] Level 1:colcon.colcon_core.environment:checking '/home/ubuntuhost/example_ws/src/install/ble_scanner/bin'
[3.580s] Level 1:colcon.colcon_core.environment:checking '/home/ubuntuhost/example_ws/src/install/ble_scanner/lib/pkgconfig/ble_scanner.pc'
[3.581s] Level 1:colcon.colcon_core.environment:checking '/home/ubuntuhost/example_ws/src/install/ble_scanner/lib/python3.8/site-packages'
[3.581s] Level 1:colcon.colcon_core.shell:create_environment_hook('ble_scanner', 'pythonpath')
[3.582s] INFO:colcon.colcon_core.shell:Creating environment hook '/home/ubuntuhost/example_ws/src/install/ble_scanner/share/ble_scanner/hook/pythonpath.ps1'
[3.586s] INFO:colcon.colcon_core.shell:Creating environment descriptor '/home/ubuntuhost/example_ws/src/install/ble_scanner/share/ble_scanner/hook/pythonpath.dsv'
[3.587s] INFO:colcon.colcon_core.shell:Creating environment hook '/home/ubuntuhost/example_ws/src/install/ble_scanner/share/ble_scanner/hook/pythonpath.sh'
[3.588s] Level 1:colcon.colcon_core.environment:checking '/home/ubuntuhost/example_ws/src/install/ble_scanner/bin'
[3.588s] Level 1:colcon.colcon_core.environment:create_environment_scripts_only(ble_scanner)
[3.589s] INFO:colcon.colcon_core.shell:Creating package script '/home/ubuntuhost/example_ws/src/install/ble_scanner/share/ble_scanner/package.ps1'
[3.591s] INFO:colcon.colcon_core.shell:Creating package descriptor '/home/ubuntuhost/example_ws/src/install/ble_scanner/share/ble_scanner/package.dsv'
[3.592s] INFO:colcon.colcon_core.shell:Creating package script '/home/ubuntuhost/example_ws/src/install/ble_scanner/share/ble_scanner/package.sh'
[3.594s] INFO:colcon.colcon_core.shell:Creating package script '/home/ubuntuhost/example_ws/src/install/ble_scanner/share/ble_scanner/package.bash'
[3.595s] INFO:colcon.colcon_core.shell:Creating package script '/home/ubuntuhost/example_ws/src/install/ble_scanner/share/ble_scanner/package.zsh'
[3.597s] Level 1:colcon.colcon_core.environment:create_file_with_runtime_dependencies(/home/ubuntuhost/example_ws/src/install/ble_scanner/share/colcon-core/packages/ble_scanner)
[3.598s] DEBUG:colcon.colcon_parallel_executor.executor.parallel:closing loop
[3.599s] DEBUG:colcon.colcon_parallel_executor.executor.parallel:loop closed
[3.599s] DEBUG:colcon.colcon_parallel_executor.executor.parallel:run_until_complete finished with '0'
[3.599s] DEBUG:colcon.colcon_core.event_reactor:joining thread
[3.617s] INFO:colcon.colcon_core.plugin_system:Skipping extension 'colcon_notification.desktop_notification.terminal_notifier': Not used on non-Darwin systems
[3.617s] INFO:colcon.colcon_core.plugin_system:Skipping extension 'colcon_notification.desktop_notification.win32': Not used on non-Windows systems
[3.617s] INFO:colcon.colcon_notification.desktop_notification:Sending desktop notification using 'notify2'
[3.656s] DEBUG:colcon.colcon_core.event_reactor:joined thread
[3.657s] INFO:colcon.colcon_core.shell:Creating prefix script '/home/ubuntuhost/example_ws/src/install/local_setup.ps1'
[3.659s] INFO:colcon.colcon_core.shell:Creating prefix util module '/home/ubuntuhost/example_ws/src/install/_local_setup_util_ps1.py'
[3.661s] INFO:colcon.colcon_core.shell:Creating prefix chain script '/home/ubuntuhost/example_ws/src/install/setup.ps1'
[3.665s] INFO:colcon.colcon_core.shell:Creating prefix script '/home/ubuntuhost/example_ws/src/install/local_setup.sh'
[3.666s] INFO:colcon.colcon_core.shell:Creating prefix util module '/home/ubuntuhost/example_ws/src/install/_local_setup_util_sh.py'
[3.667s] INFO:colcon.colcon_core.shell:Creating prefix chain script '/home/ubuntuhost/example_ws/src/install/setup.sh'
[3.670s] INFO:colcon.colcon_core.shell:Creating prefix script '/home/ubuntuhost/example_ws/src/install/local_setup.bash'
[3.671s] INFO:colcon.colcon_core.shell:Creating prefix chain script '/home/ubuntuhost/example_ws/src/install/setup.bash'
[3.673s] INFO:colcon.colcon_core.shell:Creating prefix script '/home/ubuntuhost/example_ws/src/install/local_setup.zsh'
[3.675s] INFO:colcon.colcon_core.shell:Creating prefix chain script '/home/ubuntuhost/example_ws/src/install/setup.zsh'
